<?xml version="1.0" encoding="UTF-8"?>
<!-- Generated by org.testng.reporters.JUnitXMLReporter -->
<testsuite hostname="DESKTOP-BOLUCL2" ignored="0" name="RETC_042" tests="3" failures="0" timestamp="27 Aug 2019 07:43:40 GMT" time="262.292" errors="0">
  <testcase name="contactForm" time="7.81" classname="com.training.sanity.tests.RETC_072"/>
  <testcase name="contactForm" time="10.855" classname="com.training.sanity.tests.RETC_072"/>
  <testcase name="contactForm" time="7.822" classname="com.training.sanity.tests.RETC_072"/>
</testsuite> <!-- RETC_042 -->
