<?xml version="1.0" encoding="UTF-8"?>
<!-- Generated by org.testng.reporters.JUnitXMLReporter -->
<testsuite hostname="DESKTOP-BOLUCL2" ignored="0" name="RETC_044" tests="3" failures="0" timestamp="27 Aug 2019 07:46:53 GMT" time="150.709" errors="0">
  <testcase name="contactForm" time="21.125" classname="com.training.sanity.tests.RETC_074"/>
  <testcase name="contactForm" time="24.012" classname="com.training.sanity.tests.RETC_074"/>
  <testcase name="contactForm" time="23.114" classname="com.training.sanity.tests.RETC_074"/>
</testsuite> <!-- RETC_044 -->
