<?xml version="1.0" encoding="UTF-8"?>
<!-- Generated by org.testng.reporters.JUnitXMLReporter -->
<testsuite hostname="DESKTOP-BOLUCL2" ignored="0" name="RETC_074" tests="3" failures="0" timestamp="27 Aug 2019 08:00:11 GMT" time="186.145" errors="0">
  <testcase name="contactForm" time="25.054" classname="com.training.sanity.tests.RETC_074"/>
  <testcase name="contactForm" time="34.208" classname="com.training.sanity.tests.RETC_074"/>
  <testcase name="contactForm" time="31.341" classname="com.training.sanity.tests.RETC_074"/>
</testsuite> <!-- RETC_074 -->
