<?xml version="1.0" encoding="UTF-8"?>
<testng-results skipped="0" failed="0" ignored="0" total="2" passed="2">
  <reporter-output>
  </reporter-output>
  <suite name="Suite1" duration-ms="55736" started-at="2019-08-01T11:57:00Z" finished-at="2019-08-01T11:57:56Z">
    <groups>
    </groups>
    <test name="RETC_011" duration-ms="44064" started-at="2019-08-01T11:57:00Z" finished-at="2019-08-01T11:57:44Z">
      <class name="com.training.sanity.tests.RETC_011">
        <test-method status="PASS" signature="setUp()[pri:0, instance:com.training.sanity.tests.RETC_011@1e88b3c]" name="setUp" is-config="true" duration-ms="31489" started-at="2019-08-01T11:57:00Z" finished-at="2019-08-01T11:57:31Z">
          <reporter-output>
          </reporter-output>
        </test-method> <!-- setUp -->
        <test-method status="PASS" signature="loginTest()[pri:0, instance:com.training.sanity.tests.RETC_011@1e88b3c]" name="loginTest" duration-ms="12541" started-at="2019-08-01T11:57:31Z" finished-at="2019-08-01T11:57:44Z">
          <reporter-output>
          </reporter-output>
        </test-method> <!-- loginTest -->
      </class> <!-- com.training.sanity.tests.RETC_011 -->
    </test> <!-- RETC_011 -->
    <test name="RETC_013" duration-ms="11577" started-at="2019-08-01T11:57:44Z" finished-at="2019-08-01T11:57:56Z">
      <class name="com.training.sanity.tests.RETC_013">
        <test-method status="PASS" signature="setUp()[pri:0, instance:com.training.sanity.tests.RETC_013@14bf9759]" name="setUp" is-config="true" duration-ms="20" started-at="2019-08-01T11:57:44Z" finished-at="2019-08-01T11:57:44Z">
          <reporter-output>
          </reporter-output>
        </test-method> <!-- setUp -->
        <test-method status="PASS" signature="profileDataUpdate()[pri:0, instance:com.training.sanity.tests.RETC_013@14bf9759]" name="profileDataUpdate" duration-ms="11553" started-at="2019-08-01T11:57:44Z" finished-at="2019-08-01T11:57:56Z">
          <reporter-output>
          </reporter-output>
        </test-method> <!-- profileDataUpdate -->
      </class> <!-- com.training.sanity.tests.RETC_013 -->
    </test> <!-- RETC_013 -->
  </suite> <!-- Suite1 -->
</testng-results>
