<?xml version="1.0" encoding="UTF-8"?>
<!-- Generated by org.testng.reporters.JUnitXMLReporter -->
<testsuite hostname="DESKTOP-BOLUCL2" ignored="0" name="Default test" tests="3" failures="0" timestamp="27 Aug 2019 06:52:31 GMT" time="85.462" errors="0">
  <testcase name="contactForm" time="8.051" classname="com.training.sanity.tests.RETC_072"/>
  <testcase name="contactForm" time="9.137" classname="com.training.sanity.tests.RETC_072"/>
  <testcase name="contactForm" time="8.382" classname="com.training.sanity.tests.RETC_072"/>
</testsuite> <!-- Default test -->
