<?xml version="1.0" encoding="UTF-8"?>
<!-- Generated by org.testng.reporters.JUnitXMLReporter -->
<testsuite hostname="DESKTOP-BOLUCL2" ignored="0" name="RETC_012" tests="1" failures="1" timestamp="01 Aug 2019 09:30:28 GMT" time="40.178" errors="0">
  <testcase name="passwordRecoveryTest" time="11.975" classname="com.training.sanity.tests.RETC_012">
    <failure type="java.lang.AssertionError" message="expected [Confirmation email sent to your inbox, Kindly validate by clicking on the link provided in the email] but found [The email could not be sent.
Possible reason: your host may have disabled the mail() function.]">
      <![CDATA[java.lang.AssertionError: expected [Confirmation email sent to your inbox, Kindly validate by clicking on the link provided in the email] but found [The email could not be sent.
Possible reason: your host may have disabled the mail() function.]
at com.training.sanity.tests.RETC_012.passwordRecoveryTest(RETC_012.java:70)
at java.util.concurrent.FutureTask.run(FutureTask.java:266)
at java.util.concurrent.ThreadPoolExecutor.runWorker(ThreadPoolExecutor.java:1149)
at java.util.concurrent.ThreadPoolExecutor$Worker.run(ThreadPoolExecutor.java:624)
at java.lang.Thread.run(Thread.java:748)
... Removed 22 stack frames]]>
    </failure>
  </testcase> <!-- passwordRecoveryTest -->
</testsuite> <!-- RETC_012 -->
